*** Starting uWSGI 2.0.20 (64bit) on [Thu Oct 13 00:17:29 2022] ***
compiled with version: 9.3.0 on 12 October 2022 16:03:00
os: Linux-5.4.0-67-generic #75-Ubuntu SMP Fri Feb 19 18:03:38 UTC 2021
nodename: zrhan
machine: x86_64
clock source: unix
detected number of CPU cores: 1
current working directory: /home/projects/calc
detected binary path: /usr/local/bin/uwsgi
!!! no internal routing support, rebuild with pcre support !!!
uWSGI running as root, you can use --uid/--gid/--chroot options
*** WARNING: you are running uWSGI as root !!! (use the --uid flag) *** 
chdir() to /home/projects/calc
your processes number limit is 3577
your memory page size is 4096 bytes
detected max file descriptor number: 1024
lock engine: pthread robust mutexes
thunder lock: disabled (you can enable it with --thunder-lock)
probably another instance of uWSGI is running on the same address (127.0.0.1:8000).
bind(): Address already in use [core/socket.c line 769]
*** Starting uWSGI 2.0.20 (64bit) on [Thu Oct 13 00:24:06 2022] ***
compiled with version: 9.3.0 on 12 October 2022 16:03:00
os: Linux-5.4.0-67-generic #75-Ubuntu SMP Fri Feb 19 18:03:38 UTC 2021
nodename: zrhan
machine: x86_64
clock source: unix
detected number of CPU cores: 1
current working directory: /home/projects/calc
detected binary path: /usr/local/bin/uwsgi
!!! no internal routing support, rebuild with pcre support !!!
uWSGI running as root, you can use --uid/--gid/--chroot options
*** WARNING: you are running uWSGI as root !!! (use the --uid flag) *** 
chdir() to /home/projects/calc
your processes number limit is 3577
your memory page size is 4096 bytes
detected max file descriptor number: 1024
lock engine: pthread robust mutexes
thunder lock: disabled (you can enable it with --thunder-lock)
probably another instance of uWSGI is running on the same address (127.0.0.1:8000).
bind(): Address already in use [core/socket.c line 769]
*** Starting uWSGI 2.0.20 (64bit) on [Thu Oct 13 00:30:43 2022] ***
compiled with version: 9.3.0 on 12 October 2022 16:03:00
os: Linux-5.4.0-67-generic #75-Ubuntu SMP Fri Feb 19 18:03:38 UTC 2021
nodename: zrhan
machine: x86_64
clock source: unix
detected number of CPU cores: 1
current working directory: /home/projects/calc
detected binary path: /usr/local/bin/uwsgi
!!! no internal routing support, rebuild with pcre support !!!
uWSGI running as root, you can use --uid/--gid/--chroot options
*** WARNING: you are running uWSGI as root !!! (use the --uid flag) *** 
chdir() to /home/projects/calc
your processes number limit is 3577
your memory page size is 4096 bytes
detected max file descriptor number: 1024
lock engine: pthread robust mutexes
thunder lock: disabled (you can enable it with --thunder-lock)
probably another instance of uWSGI is running on the same address (127.0.0.1:8000).
bind(): Address already in use [core/socket.c line 769]
*** Starting uWSGI 2.0.20 (64bit) on [Thu Oct 13 20:49:04 2022] ***
compiled with version: 9.3.0 on 12 October 2022 16:03:00
os: Linux-5.4.0-67-generic #75-Ubuntu SMP Fri Feb 19 18:03:38 UTC 2021
nodename: zrhan
machine: x86_64
clock source: unix
detected number of CPU cores: 1
current working directory: /home/projects/calc
detected binary path: /usr/local/bin/uwsgi
!!! no internal routing support, rebuild with pcre support !!!
uWSGI running as root, you can use --uid/--gid/--chroot options
*** WARNING: you are running uWSGI as root !!! (use the --uid flag) *** 
chdir() to /home/projects/calc
your processes number limit is 3577
your memory page size is 4096 bytes
detected max file descriptor number: 1024
lock engine: pthread robust mutexes
thunder lock: disabled (you can enable it with --thunder-lock)
uwsgi socket 0 bound to TCP address 127.0.0.1:8000 fd 3
uWSGI running as root, you can use --uid/--gid/--chroot options
*** WARNING: you are running uWSGI as root !!! (use the --uid flag) *** 
Python version: 3.8.5 (default, Jan 27 2021, 15:41:15)  [GCC 9.3.0]
*** Python threads support is disabled. You can enable it with --enable-threads ***
Python main interpreter initialized at 0x55fb3015bcd0
uWSGI running as root, you can use --uid/--gid/--chroot options
*** WARNING: you are running uWSGI as root !!! (use the --uid flag) *** 
your server socket listen backlog is limited to 100 connections
your mercy for graceful operations on workers is 60 seconds
mapped 145808 bytes (142 KB) for 1 cores
*** Operational MODE: single process ***
WSGI app 0 (mountpoint='') ready in 1 seconds on interpreter 0x55fb3015bcd0 pid: 34177 (default app)
uWSGI running as root, you can use --uid/--gid/--chroot options
*** WARNING: you are running uWSGI as root !!! (use the --uid flag) *** 
*** uWSGI is running in multiple interpreter mode ***
spawned uWSGI master process (pid: 34177)
spawned uWSGI worker 1 (pid: 34180, cores: 1)
Invalid HTTP_HOST header: 'zrhan.cf:2333'. You may need to add 'zrhan.cf' to ALLOWED_HOSTS.
Bad Request: /
Thu Oct 13 13:38:54 2022 - uWSGI worker 1 screams: UAAAAAAH my master disconnected: i will kill myself !!!
*** Starting uWSGI 2.0.20 (64bit) on [Thu Oct 13 21:39:06 2022] ***
compiled with version: 9.3.0 on 12 October 2022 16:03:00
os: Linux-5.4.0-67-generic #75-Ubuntu SMP Fri Feb 19 18:03:38 UTC 2021
nodename: zrhan
machine: x86_64
clock source: unix
detected number of CPU cores: 1
current working directory: /home/projects/calc
detected binary path: /usr/local/bin/uwsgi
!!! no internal routing support, rebuild with pcre support !!!
uWSGI running as root, you can use --uid/--gid/--chroot options
*** WARNING: you are running uWSGI as root !!! (use the --uid flag) *** 
chdir() to /home/projects/calc
your processes number limit is 3577
your memory page size is 4096 bytes
detected max file descriptor number: 1024
lock engine: pthread robust mutexes
thunder lock: disabled (you can enable it with --thunder-lock)
uwsgi socket 0 bound to TCP address 127.0.0.1:8000 fd 3
uWSGI running as root, you can use --uid/--gid/--chroot options
*** WARNING: you are running uWSGI as root !!! (use the --uid flag) *** 
Python version: 3.8.5 (default, Jan 27 2021, 15:41:15)  [GCC 9.3.0]
*** Python threads support is disabled. You can enable it with --enable-threads ***
Python main interpreter initialized at 0x558b02aa8cd0
uWSGI running as root, you can use --uid/--gid/--chroot options
*** WARNING: you are running uWSGI as root !!! (use the --uid flag) *** 
your server socket listen backlog is limited to 100 connections
your mercy for graceful operations on workers is 60 seconds
mapped 145808 bytes (142 KB) for 1 cores
*** Operational MODE: single process ***
WSGI app 0 (mountpoint='') ready in 0 seconds on interpreter 0x558b02aa8cd0 pid: 51930 (default app)
uWSGI running as root, you can use --uid/--gid/--chroot options
*** WARNING: you are running uWSGI as root !!! (use the --uid flag) *** 
*** uWSGI is running in multiple interpreter mode ***
spawned uWSGI master process (pid: 51930)
spawned uWSGI worker 1 (pid: 51932, cores: 1)
Not Found: /favicon.ico
Not Found: /login/
Not Found: /function/
Not Found: /favicon.ico
Not Found: /jingChess/
